4522378832 GWPTT ptt main thread queue 0

4522378833 GWPTT ptt http thread queue 0

4522378834 GWPTT ptt main thread running

4522378838 GWPTT ptt http thread running

4522378838 GWPTT core thread running

4522378883 GWPTT connecting...

4522378925 GWPTT socket 2476 add to io 0
4522378967 GWPTT socket 2476 have read event
4522378968 GWPTT cmd=8100,Whole packet_size=cb(except CRC)
4522378968 GWPTT recv cmd 8100
4522378968 GWPTT on_login_ack: udp_server->address=116.205.22.253, port=43008
4522378968 GWPTT on_login_ack: update_server->address=116.205.22.253, port=10000
4522378968 GWPTT on_login_ack: msg_server->address=116.205.22.253, port=43004
4522378968 GWPTT on_login_ack: dispatch_server->address=116.205.22.253, port=43005
4522378970 GWPTT Orig: configtcp address=116.205.22.253, port=43007
4522378971 GWPTT redirect to server 116.205.22.253:43007
4522378971 GWPTT socket 2476 del from io 0
4522378971 GWPTT login again connect voice server 6a(0)
4522378971 GWPTT server time 1781517187, local time 4522378971
4522378971 GWPTT connecting...

4522379013 GWPTT socket 2476 add to io 0
4522379056 GWPTT socket 2476 have read event
4522379056 GWPTT cmd=8100,Whole packet_size=60(except CRC)
4522379056 GWPTT recv cmd 8100
4522379056 GWPTT heart_inter=60
4522379056 GWPTT on_login_ack;pMsg->self is not NULL
4522379056 GWPTT uid is 1622564, default_group is 1074987
4522379056 GWPTT on_login_ack: result is 0
4522379056 GWPTT login success
4522379057 GWPTT login success
4522379057 GWPTT socket 2500 add to io 1
4522379057 GWPTT http service config 1622564
4522379057 GWPTT not start msg
4522379057 GWPTT event 0 result str {"result":0,"name":"ptt_68037","uid":1622564,"defaultGid":1074987,"message":true,"video":true,"crtgrp":true,"exitgrp":true,"dis_server_ip":"116.205.22.253","dis_server_port":43005}
4522379097 GWPTT socket 2500 have read event
4522379097 GWPTT CODEC_PROTOBUF payload udp pkt

4522379097 GWPTT udp heart response
4522379098 GWPTT socket 2476 have read event
4522379098 GWPTT cmd=ff00,Whole packet_size=8(except CRC)
4522379098 GWPTT recv cmd ff00
4522379139 GWPTT socket 2476 have read event
4522379139 GWPTT cmd=8400,Whole packet_size=18(except CRC)
4522379140 GWPTT recv cmd 8400
4522379140 GWPTT join group(1074987)
4522379140 GWPTT join group(G-G809)
4522379140 GWPTT event 2 result str {"result":0,"gid":1074987,"priority":1,"creater":1622564,"gname":"G-G809"}
4522383502 GWPTT send 233 data
4522383503 GWPTT send finish wait response
4522383567 GWPTT RECV:HTTP/1.1 200 
Access-Control-Allow-Credentials: true
Access-Control-Allow-Headers: Origin, X-Requested-With, Content-Type, Accept, If-Modified-Since,Cache-Control, token,pc-access-token,manager-web-session,auth_code,lang,goarea,Range
Access-
4522383567 GWPTT http size 1034, parsed 1034

4522383567 GWPTT recv http response {"status":200,"message":"success","total":15,"pages":3,"ts":1781517191625,"data":{"groups":[{"gid":1074988,"name":"G-G20","authorUid":1622564,"memCount":3,"myTs":29421098,"monitor":false},{"gid":1074987,"name":"G-G809","authorUid"
4522386441 GWPTT send 245 data
4522386441 GWPTT send finish wait response
4522386493 GWPTT RECV:HTTP/1.1 200 
Access-Control-Allow-Credentials: true
Access-Control-Allow-Headers: Origin, X-Requested-With, Content-Type, Accept, If-Modified-Since,Cache-Control, token,pc-access-token,manager-web-session,auth_code,lang,goarea,Range
Access-
4522386493 GWPTT http size 466, parsed 466

4522386493 GWPTT recv http response {"status":200,"message":"success","ts":1781517194550}
4522386535 GWPTT send 233 data
4522386535 GWPTT send finish wait response
4522386595 GWPTT RECV:HTTP/1.1 200 
Access-Control-Allow-Credentials: true
Access-Control-Allow-Headers: Origin, X-Requested-With, Content-Type, Accept, If-Modified-Since,Cache-Control, token,pc-access-token,manager-web-session,auth_code,lang,goarea,Range
Access-
4522386596 GWPTT http size 1035, parsed 1035

4522386596 GWPTT recv http response {"status":200,"message":"success","total":15,"pages":3,"ts":1781517194653,"data":{"groups":[{"gid":1074988,"name":"G-G20","authorUid":1622564,"memCount":3,"myTs":29421098,"monitor":false},{"gid":1074987,"name":"G-G809","authorUid"
4522388835 GWPTT not allow report gps
4522388875 GWPTT socket 2500 have read event
4522388875 GWPTT CODEC_PROTOBUF payload udp pkt

4522388876 GWPTT udp heart response
4522388876 GWPTT socket 2476 have read event
4522388876 GWPTT cmd=ff00,Whole packet_size=8(except CRC)
4522388876 GWPTT recv cmd ff00
4522389654 GWPTT socket 2476 have read event
4522389654 GWPTT cmd=8800,Whole packet_size=6(except CRC)
4522389655 GWPTT recv cmd 8800
4522389655 GWPTT socket 2476 del from io 0
4522389655 GWPTT socket 2500 del from io 1
4522389655 GWPTT logout notify offline
4522389655 GWPTT event 8 result str {"result":1}
249993 GWPTT ptt main thread queue 0

249995 GWPTT ptt http thread queue 0

249996 GWPTT ptt main thread running

249998 GWPTT ptt http thread running

250001 GWPTT core thread running

250045 GWPTT connecting...

250085 GWPTT socket 2520 add to io 0
250132 GWPTT socket 2520 have read event
250132 GWPTT cmd=8100,Whole packet_size=cb(except CRC)
250132 GWPTT recv cmd 8100
250132 GWPTT on_login_ack: udp_server->address=116.205.22.253, port=43008
250133 GWPTT on_login_ack: update_server->address=116.205.22.253, port=10000
250133 GWPTT on_login_ack: msg_server->address=116.205.22.253, port=43004
250133 GWPTT on_login_ack: dispatch_server->address=116.205.22.253, port=43005
250133 GWPTT Orig: configtcp address=116.205.22.253, port=43007
250133 GWPTT redirect to server 116.205.22.253:43007
250134 GWPTT socket 2520 del from io 0
250134 GWPTT login again connect voice server 6a(0)
250134 GWPTT server time 1781574698, local time 250134
250134 GWPTT connecting...

250175 GWPTT socket 2520 add to io 0
250216 GWPTT socket 2520 have read event
250216 GWPTT cmd=8100,Whole packet_size=60(except CRC)
250216 GWPTT recv cmd 8100
250216 GWPTT heart_inter=60
250216 GWPTT on_login_ack;pMsg->self is not NULL
250216 GWPTT uid is 1622564, default_group is 1074988
250216 GWPTT on_login_ack: result is 0
250217 GWPTT login success
250217 GWPTT login success
250217 GWPTT socket 2548 add to io 1
250217 GWPTT http service config 1622564
250217 GWPTT not start msg
250217 GWPTT event 0 result str {"result":0,"name":"ptt_68037","uid":1622564,"defaultGid":1074988,"message":true,"video":true,"crtgrp":true,"exitgrp":true,"dis_server_ip":"116.205.22.253","dis_server_port":43005}
250257 GWPTT socket 2520 have read event
250257 GWPTT cmd=ff00,Whole packet_size=8(except CRC)
250257 GWPTT recv cmd ff00
250259 GWPTT socket 2548 have read event
250259 GWPTT CODEC_PROTOBUF payload udp pkt

250259 GWPTT udp heart response
250297 GWPTT socket 2520 have read event
250297 GWPTT cmd=8400,Whole packet_size=17(except CRC)
250297 GWPTT recv cmd 8400
250298 GWPTT join group(1074988)
250298 GWPTT join group(G-G20)
250298 GWPTT event 2 result str {"result":0,"gid":1074988,"priority":1,"creater":1622564,"gname":"G-G20"}
253472 GWPTT send 233 data
253472 GWPTT send finish wait response
253532 GWPTT RECV:HTTP/1.1 200 
Access-Control-Allow-Credentials: true
Access-Control-Allow-Headers: Origin, X-Requested-With, Content-Type, Accept, If-Modified-Since,Cache-Control, token,pc-access-token,manager-web-session,auth_code,lang,goarea,Range
Access-
253532 GWPTT http size 1034, parsed 1034

253532 GWPTT recv http response {"status":200,"message":"success","total":15,"pages":3,"ts":1781574702185,"data":{"groups":[{"gid":1074988,"name":"G-G20","authorUid":1622564,"memCount":3,"myTs":29421098,"monitor":false},{"gid":1074987,"name":"G-G809","authorUid"
260004 GWPTT not allow report gps
260045 GWPTT socket 2520 have read event
260045 GWPTT cmd=ff00,Whole packet_size=8(except CRC)
260045 GWPTT recv cmd ff00
260045 GWPTT socket 2548 have read event
260046 GWPTT CODEC_PROTOBUF payload udp pkt

260046 GWPTT udp heart response
270011 GWPTT not allow report gps
270051 GWPTT socket 2520 have read event
270051 GWPTT cmd=ff00,Whole packet_size=8(except CRC)
270051 GWPTT recv cmd ff00
270052 GWPTT socket 2548 have read event
270052 GWPTT CODEC_PROTOBUF payload udp pkt

270052 GWPTT udp heart response
280038 GWPTT not allow report gps
280078 GWPTT socket 2520 have read event
280079 GWPTT cmd=ff00,Whole packet_size=8(except CRC)
280079 GWPTT recv cmd ff00
280079 GWPTT socket 2548 have read event
280079 GWPTT CODEC_PROTOBUF payload udp pkt

280079 GWPTT udp heart response
283920 GWPTT socket 2520 have read event
283920 GWPTT cmd=8800,Whole packet_size=6(except CRC)
283920 GWPTT recv cmd 8800
283920 GWPTT socket 2520 del from io 0
283920 GWPTT socket 2548 del from io 1
283921 GWPTT logout notify offline
283921 GWPTT event 8 result str {"result":1}
